| RAM64[16] | RAM64[17] | RAM64[18] | RAM64[19] |
|     61    |     62    |     29    |      0    |
|     61    |     62    |     29    |      0    |
|     61    |     62    |     29    |      0    |
|     61    |     62    |     29    |      0    |
|     61    |     62    |     29    |      0    |
|     61    |     62    |     29    |      0    |
|     61    |     62    |     29    |      0    |
|     61    |     62    |     29    |     94    |
|     23    |     46    |     69    |      0    |
|     23    |     46    |     69    |      0    |
|     23    |     46    |     69    |      0    |
|     23    |     46    |     69    |      0    |
|     23    |     46    |     69    |      0    |
|     23    |     46    |     69    |      0    |
|     23    |     46    |     69    |      0    |
|     23    |     46    |     69    |      0    |
|     24    |     12    |     48    |      0    |
|     24    |     12    |     48    |      0    |
|     24    |     12    |     48    |      0    |
|     24    |     12    |     48    |      0    |
|     24    |     12    |     48    |      0    |
|     24    |     12    |     48    |      0    |
|     24    |     12    |     48    |      0    |
|     24    |     12    |     48    |    -12    |
